Using pre-set license
Built from '2020.3/release' branch; Version is '2020.3.7f1 (dd97f2c94397) revision 14522354'; Using compiler version '192528614'; Build Type 'Release'
OS: 'Windows 10 Pro; OS build 19042.1348; Version 2009; 64bit' Language: 'en' Physical Memory: 32658 MB
BatchMode: 1, IsHumanControllingUs: 0, StartBugReporterOnCrash: 0, Is64bit: 1, IsPro: 0

 COMMAND LINE ARGUMENTS:
C:\Program Files\Unity\Hub\Editor\2020.3.7f1\Editor\Unity.exe
-adb2
-batchMode
-noUpm
-name
AssetImportWorker0
-projectPath
C:/Users/VARLAB/Documents/GitHub/BodySwap/BodySwap ZedM
-logFile
Logs/AssetImportWorker0.log
-srvPort
52341
Successfully changed project path to: C:/Users/VARLAB/Documents/GitHub/BodySwap/BodySwap ZedM
C:/Users/VARLAB/Documents/GitHub/BodySwap/BodySwap ZedM
Using Asset Import Pipeline V2.
Refreshing native plugins compatible for Editor in 51.63 ms, found 6 plugins.
Preloading 0 native plugins for Editor in 0.00 ms.
Initialize engine version: 2020.3.7f1 (dd97f2c94397)
[Subsystems] Discovering subsystems at path C:/Program Files/Unity/Hub/Editor/2020.3.7f1/Editor/Data/Resources/UnitySubsystems
[Subsystems] Discovering subsystems at path C:/Users/VARLAB/Documents/GitHub/BodySwap/BodySwap ZedM/Assets
GfxDevice: creating device client; threaded=0
Direct3D:
    Version:  Direct3D 11.0 [level 11.1]
    Renderer: NVIDIA GeForce GTX 1080 (ID=0x1b80)
    Vendor:   
    VRAM:     7988 MB
    Driver:   30.0.14.9613
Initialize mono
Mono path[0] = 'C:/Program Files/Unity/Hub/Editor/2020.3.7f1/Editor/Data/Managed'
Mono path[1] = 'C:/Program Files/Unity/Hub/Editor/2020.3.7f1/Editor/Data/MonoBleedingEdge/lib/mono/unityjit'
Mono config path = 'C:/Program Files/Unity/Hub/Editor/2020.3.7f1/Editor/Data/MonoBleedingEdge/etc'
Using monoOptions --debugger-agent=transport=dt_socket,embedding=1,server=y,suspend=n,address=127.0.0.1:56352
Begin MonoManager ReloadAssembly
Registering precompiled unity dll's ...
Register platform support module: C:/Program Files/Unity/Hub/Editor/2020.3.7f1/Editor/Data/PlaybackEngines/WindowsStandaloneSupport/UnityEditor.WindowsStandalone.Extensions.dll
Registered in 0.002250 seconds.
Native extension for WindowsStandalone target not found
Refreshing native plugins compatible for Editor in 42.40 ms, found 6 plugins.
Preloading 0 native plugins for Editor in 0.00 ms.
Mono: successfully reloaded assembly
- Completed reload, in  1.355 seconds
Platform modules already initialized, skipping
Registering precompiled user dll's ...
Registered in 0.005220 seconds.
Begin MonoManager ReloadAssembly
Native extension for WindowsStandalone target not found
Refreshing native plugins compatible for Editor in 47.95 ms, found 6 plugins.
Preloading 0 native plugins for Editor in 0.00 ms.
Mono: successfully reloaded assembly
- Completed reload, in  1.195 seconds
Platform modules already initialized, skipping
========================================================================
Worker process is ready to serve import requests
Launched and connected shader compiler UnityShaderCompiler.exe after 0.05 seconds
Refreshing native plugins compatible for Editor in 0.60 ms, found 6 plugins.
Preloading 0 native plugins for Editor in 0.00 ms.
Unloading 1771 Unused Serialized files (Serialized files now loaded: 0)
System memory in use before: 93.5 MB.
System memory in use after: 93.4 MB.

Unloading 32 unused Assets to reduce memory usage. Loaded Objects now: 2215.
Total: 2.388100 ms (FindLiveObjects: 0.324300 ms CreateObjectMapping: 0.083500 ms MarkObjects: 1.872600 ms  DeleteObjects: 0.105900 ms)

========================================================================
Received Import Request.
  path: Assets/ZED/Examples
  artifactKey: Guid(25e73c00cde29504e95c96eecc0e596c) Importer(815301076,1909f56bfc062723c751e8b465ee728b)
Start importing Assets/ZED/Examples using Guid(25e73c00cde29504e95c96eecc0e596c) Importer(815301076,1909f56bfc062723c751e8b465ee728b)  -> (artifact id: '3347d3341ebe796b4efc651d7dc88140') in 0.010481 seconds
  Import took 0.013822 seconds .

========================================================================
Received Import Request.
  Time since last request: 0.000265 seconds.
  path: Assets/ZED/Examples/Dark Room/DiscoBall.obj
  artifactKey: Guid(37000bced5dd1dd4091ca59f0274bb80) Importer(815301076,1909f56bfc062723c751e8b465ee728b)
Start importing Assets/ZED/Examples/Dark Room/DiscoBall.obj using Guid(37000bced5dd1dd4091ca59f0274bb80) Importer(815301076,1909f56bfc062723c751e8b465ee728b)  -> (artifact id: '469036c3d29a569e9efa412735c37703') in 0.150199 seconds
  Import took 0.153622 seconds .

========================================================================
Received Import Request.
  Time since last request: 0.000253 seconds.
  path: Assets/ZED/Examples/Dark Room/Scene/Dark Room.unity
  artifactKey: Guid(90e8ca1ac7e679043a345b77800c28b0) Importer(815301076,1909f56bfc062723c751e8b465ee728b)
Start importing Assets/ZED/Examples/Dark Room/Scene/Dark Room.unity using Guid(90e8ca1ac7e679043a345b77800c28b0) Importer(815301076,1909f56bfc062723c751e8b465ee728b)  -> (artifact id: '0b50b137c9a4a59ab6c2e4cdc84109c5') in 0.007714 seconds
  Import took 0.010860 seconds .

========================================================================
Received Import Request.
  Time since last request: 0.000227 seconds.
  path: Assets/ZED/Examples/Dark Room
  artifactKey: Guid(26319cce9fdd2a949ba0366687f0479a) Importer(815301076,1909f56bfc062723c751e8b465ee728b)
Start importing Assets/ZED/Examples/Dark Room using Guid(26319cce9fdd2a949ba0366687f0479a) Importer(815301076,1909f56bfc062723c751e8b465ee728b)  -> (artifact id: '3d8aca5f87fedb85c492a27f7edb61c7') in 0.006015 seconds
  Import took 0.008884 seconds .

========================================================================
Received Import Request.
  Time since last request: 0.000222 seconds.
  path: Assets/ZED/Examples/Dark Room/Scene
  artifactKey: Guid(7b9cdd03317b55f44aa275ebb39764ef) Importer(815301076,1909f56bfc062723c751e8b465ee728b)
Start importing Assets/ZED/Examples/Dark Room/Scene using Guid(7b9cdd03317b55f44aa275ebb39764ef) Importer(815301076,1909f56bfc062723c751e8b465ee728b)  -> (artifact id: '677572a76fa81d7109569ee1ee17bf5e') in 0.006697 seconds
  Import took 0.010124 seconds .

========================================================================
Received Prepare
Registering precompiled user dll's ...
Registered in 0.006248 seconds.
Begin MonoManager ReloadAssembly
Native extension for WindowsStandalone target not found
Refreshing native plugins compatible for Editor in 1.05 ms, found 6 plugins.
Preloading 0 native plugins for Editor in 0.00 ms.
Mono: successfully reloaded assembly
- Completed reload, in  1.099 seconds
Platform modules already initialized, skipping
Refreshing native plugins compatible for Editor in 0.76 ms, found 6 plugins.
Preloading 0 native plugins for Editor in 0.00 ms.
Unloading 1709 Unused Serialized files (Serialized files now loaded: 0)
System memory in use before: 88.8 MB.
System memory in use after: 88.8 MB.

Unloading 25 unused Assets to reduce memory usage. Loaded Objects now: 2229.
Total: 2.606900 ms (FindLiveObjects: 0.239600 ms CreateObjectMapping: 0.059600 ms MarkObjects: 2.222800 ms  DeleteObjects: 0.083100 ms)

