Using pre-set license
Built from '2020.3/release' branch; Version is '2020.3.7f1 (dd97f2c94397) revision 14522354'; Using compiler version '192528614'; Build Type 'Release'
OS: 'Windows 10 Pro; OS build 19042.1288; Version 2009; 64bit' Language: 'en' Physical Memory: 32658 MB
BatchMode: 1, IsHumanControllingUs: 0, StartBugReporterOnCrash: 0, Is64bit: 1, IsPro: 0

 COMMAND LINE ARGUMENTS:
C:\Program Files\Unity\Hub\Editor\2020.3.7f1\Editor\Unity.exe
-adb2
-batchMode
-noUpm
-name
AssetImportWorker0
-projectPath
C:/Users/VARLAB/Desktop/BodySwap/BodySwap
-logFile
Logs/AssetImportWorker0.log
-srvPort
61090
Successfully changed project path to: C:/Users/VARLAB/Desktop/BodySwap/BodySwap
C:/Users/VARLAB/Desktop/BodySwap/BodySwap
Using Asset Import Pipeline V2.
Refreshing native plugins compatible for Editor in 38.34 ms, found 5 plugins.
Preloading 0 native plugins for Editor in 0.00 ms.
Initialize engine version: 2020.3.7f1 (dd97f2c94397)
[Subsystems] Discovering subsystems at path C:/Program Files/Unity/Hub/Editor/2020.3.7f1/Editor/Data/Resources/UnitySubsystems
[Subsystems] Discovering subsystems at path C:/Users/VARLAB/Desktop/BodySwap/BodySwap/Assets
GfxDevice: creating device client; threaded=0
Direct3D:
    Version:  Direct3D 11.0 [level 11.1]
    Renderer: NVIDIA GeForce GTX 1080 (ID=0x1b80)
    Vendor:   
    VRAM:     7988 MB
    Driver:   30.0.14.9613
Initialize mono
Mono path[0] = 'C:/Program Files/Unity/Hub/Editor/2020.3.7f1/Editor/Data/Managed'
Mono path[1] = 'C:/Program Files/Unity/Hub/Editor/2020.3.7f1/Editor/Data/MonoBleedingEdge/lib/mono/unityjit'
Mono config path = 'C:/Program Files/Unity/Hub/Editor/2020.3.7f1/Editor/Data/MonoBleedingEdge/etc'
Using monoOptions --debugger-agent=transport=dt_socket,embedding=1,server=y,suspend=n,address=127.0.0.1:56692
Begin MonoManager ReloadAssembly
Registering precompiled unity dll's ...
Register platform support module: C:/Program Files/Unity/Hub/Editor/2020.3.7f1/Editor/Data/PlaybackEngines/WindowsStandaloneSupport/UnityEditor.WindowsStandalone.Extensions.dll
Registered in 0.002378 seconds.
Native extension for WindowsStandalone target not found
Refreshing native plugins compatible for Editor in 31.62 ms, found 5 plugins.
Preloading 0 native plugins for Editor in 0.00 ms.
Mono: successfully reloaded assembly
- Completed reload, in  1.283 seconds
Platform modules already initialized, skipping
Registering precompiled user dll's ...
Registered in 0.004644 seconds.
Begin MonoManager ReloadAssembly
Native extension for WindowsStandalone target not found
Refreshing native plugins compatible for Editor in 28.75 ms, found 5 plugins.
Preloading 0 native plugins for Editor in 0.00 ms.
Mono: successfully reloaded assembly
- Completed reload, in  1.071 seconds
Platform modules already initialized, skipping
========================================================================
Worker process is ready to serve import requests
Launched and connected shader compiler UnityShaderCompiler.exe after 0.05 seconds
Refreshing native plugins compatible for Editor in 1.13 ms, found 5 plugins.
Preloading 0 native plugins for Editor in 0.00 ms.
Unloading 1584 Unused Serialized files (Serialized files now loaded: 0)
System memory in use before: 76.5 MB.
System memory in use after: 76.4 MB.

Unloading 29 unused Assets to reduce memory usage. Loaded Objects now: 2029.
Total: 2.565000 ms (FindLiveObjects: 0.170200 ms CreateObjectMapping: 0.052800 ms MarkObjects: 2.256500 ms  DeleteObjects: 0.084400 ms)

========================================================================
Received Import Request.
  path: Assets/webcam.cs
  artifactKey: Guid(087c4c9c1becfd841964525b3fe2059f) Importer(815301076,1909f56bfc062723c751e8b465ee728b)
Start importing Assets/webcam.cs using Guid(087c4c9c1becfd841964525b3fe2059f) Importer(815301076,1909f56bfc062723c751e8b465ee728b)  -> (artifact id: 'f7a4d0f1409768c2b1e6a1c0a7d71209') in 0.024119 seconds
  Import took 0.047874 seconds .

========================================================================
Received Prepare
Refreshing native plugins compatible for Editor in 7.11 ms, found 5 plugins.
Preloading 0 native plugins for Editor in 0.00 ms.
Unloading 19 Unused Serialized files (Serialized files now loaded: 0)
System memory in use before: 45.0 MB.
System memory in use after: 45.1 MB.

Unloading 19 unused Assets to reduce memory usage. Loaded Objects now: 2029.
Total: 2.639500 ms (FindLiveObjects: 0.173300 ms CreateObjectMapping: 0.051700 ms MarkObjects: 2.361400 ms  DeleteObjects: 0.052000 ms)

========================================================================
Received Prepare
Registering precompiled user dll's ...
Registered in 0.008022 seconds.
Begin MonoManager ReloadAssembly
Native extension for WindowsStandalone target not found
Refreshing native plugins compatible for Editor in 0.84 ms, found 5 plugins.
Preloading 0 native plugins for Editor in 0.00 ms.
Mono: successfully reloaded assembly
- Completed reload, in  1.195 seconds
Platform modules already initialized, skipping
Refreshing native plugins compatible for Editor in 0.54 ms, found 5 plugins.
Preloading 0 native plugins for Editor in 0.00 ms.
Unloading 1572 Unused Serialized files (Serialized files now loaded: 0)
System memory in use before: 75.9 MB.
System memory in use after: 76.0 MB.

Unloading 22 unused Assets to reduce memory usage. Loaded Objects now: 2033.
Total: 4.234400 ms (FindLiveObjects: 0.328200 ms CreateObjectMapping: 0.071500 ms MarkObjects: 3.764200 ms  DeleteObjects: 0.068500 ms)

========================================================================
Received Import Request.
  Time since last request: 169.373464 seconds.
  path: Assets/webcam.cs
  artifactKey: Guid(087c4c9c1becfd841964525b3fe2059f) Importer(815301076,1909f56bfc062723c751e8b465ee728b)
Start importing Assets/webcam.cs using Guid(087c4c9c1becfd841964525b3fe2059f) Importer(815301076,1909f56bfc062723c751e8b465ee728b)  -> (artifact id: 'eda1b8a662434a5f5adf3e9a32f97a96') in 0.005945 seconds
  Import took 0.009767 seconds .

========================================================================
Received Prepare
Registering precompiled user dll's ...
Registered in 0.004956 seconds.
Begin MonoManager ReloadAssembly
Native extension for WindowsStandalone target not found
Refreshing native plugins compatible for Editor in 0.52 ms, found 5 plugins.
Preloading 0 native plugins for Editor in 0.00 ms.
Mono: successfully reloaded assembly
- Completed reload, in  0.972 seconds
Platform modules already initialized, skipping
Refreshing native plugins compatible for Editor in 0.51 ms, found 5 plugins.
Preloading 0 native plugins for Editor in 0.00 ms.
Unloading 1572 Unused Serialized files (Serialized files now loaded: 0)
System memory in use before: 75.9 MB.
System memory in use after: 76.0 MB.

Unloading 22 unused Assets to reduce memory usage. Loaded Objects now: 2037.
Total: 2.098900 ms (FindLiveObjects: 0.169800 ms CreateObjectMapping: 0.051700 ms MarkObjects: 1.815000 ms  DeleteObjects: 0.060800 ms)

========================================================================
Received Import Request.
  Time since last request: 41.160921 seconds.
  path: Assets/webcam.cs
  artifactKey: Guid(087c4c9c1becfd841964525b3fe2059f) Importer(815301076,1909f56bfc062723c751e8b465ee728b)
Start importing Assets/webcam.cs using Guid(087c4c9c1becfd841964525b3fe2059f) Importer(815301076,1909f56bfc062723c751e8b465ee728b)  -> (artifact id: '91c781157dce3fe634a3de3eb103fcae') in 0.005709 seconds
  Import took 0.028461 seconds .

========================================================================
Received Prepare
Registering precompiled user dll's ...
Registered in 0.004877 seconds.
Begin MonoManager ReloadAssembly
Native extension for WindowsStandalone target not found
Refreshing native plugins compatible for Editor in 0.51 ms, found 5 plugins.
Preloading 0 native plugins for Editor in 0.00 ms.
Mono: successfully reloaded assembly
- Completed reload, in  0.974 seconds
Platform modules already initialized, skipping
Refreshing native plugins compatible for Editor in 0.50 ms, found 5 plugins.
Preloading 0 native plugins for Editor in 0.00 ms.
Unloading 1572 Unused Serialized files (Serialized files now loaded: 0)
System memory in use before: 75.9 MB.
System memory in use after: 76.0 MB.

Unloading 22 unused Assets to reduce memory usage. Loaded Objects now: 2041.
Total: 2.110700 ms (FindLiveObjects: 0.175100 ms CreateObjectMapping: 0.048200 ms MarkObjects: 1.832900 ms  DeleteObjects: 0.053100 ms)

========================================================================
Received Import Request.
  Time since last request: 33.288271 seconds.
  path: Assets/webcam.cs
  artifactKey: Guid(087c4c9c1becfd841964525b3fe2059f) Importer(815301076,1909f56bfc062723c751e8b465ee728b)
Start importing Assets/webcam.cs using Guid(087c4c9c1becfd841964525b3fe2059f) Importer(815301076,1909f56bfc062723c751e8b465ee728b)  -> (artifact id: 'e3e56b868431426fcf9337ffe14f00b1') in 0.005144 seconds
  Import took 0.007943 seconds .

========================================================================
Received Prepare
Registering precompiled user dll's ...
Registered in 0.004880 seconds.
Begin MonoManager ReloadAssembly
Native extension for WindowsStandalone target not found
Refreshing native plugins compatible for Editor in 0.65 ms, found 5 plugins.
Preloading 0 native plugins for Editor in 0.00 ms.
Mono: successfully reloaded assembly
- Completed reload, in  1.136 seconds
Platform modules already initialized, skipping
Refreshing native plugins compatible for Editor in 0.49 ms, found 5 plugins.
Preloading 0 native plugins for Editor in 0.00 ms.
Unloading 1572 Unused Serialized files (Serialized files now loaded: 0)
System memory in use before: 75.9 MB.
System memory in use after: 76.0 MB.

Unloading 22 unused Assets to reduce memory usage. Loaded Objects now: 2045.
Total: 2.498000 ms (FindLiveObjects: 0.169700 ms CreateObjectMapping: 0.051000 ms MarkObjects: 2.212500 ms  DeleteObjects: 0.063400 ms)

========================================================================
Received Prepare
Registering precompiled user dll's ...
Registered in 0.005536 seconds.
Begin MonoManager ReloadAssembly
Native extension for WindowsStandalone target not found
Refreshing native plugins compatible for Editor in 0.51 ms, found 5 plugins.
Preloading 0 native plugins for Editor in 0.00 ms.
Mono: successfully reloaded assembly
- Completed reload, in  1.305 seconds
Platform modules already initialized, skipping
Refreshing native plugins compatible for Editor in 0.56 ms, found 5 plugins.
Preloading 0 native plugins for Editor in 0.00 ms.
Unloading 1572 Unused Serialized files (Serialized files now loaded: 0)
System memory in use before: 76.0 MB.
System memory in use after: 76.0 MB.

Unloading 22 unused Assets to reduce memory usage. Loaded Objects now: 2049.
Total: 2.359700 ms (FindLiveObjects: 0.241900 ms CreateObjectMapping: 0.051300 ms MarkObjects: 1.999400 ms  DeleteObjects: 0.065400 ms)

========================================================================
Received Prepare
Registering precompiled user dll's ...
Registered in 0.005686 seconds.
Begin MonoManager ReloadAssembly
Native extension for WindowsStandalone target not found
Refreshing native plugins compatible for Editor in 0.53 ms, found 5 plugins.
Preloading 0 native plugins for Editor in 0.00 ms.
Mono: successfully reloaded assembly
- Completed reload, in  1.201 seconds
Platform modules already initialized, skipping
Refreshing native plugins compatible for Editor in 0.59 ms, found 5 plugins.
Preloading 0 native plugins for Editor in 0.00 ms.
Unloading 1572 Unused Serialized files (Serialized files now loaded: 0)
System memory in use before: 76.0 MB.
System memory in use after: 76.0 MB.

Unloading 22 unused Assets to reduce memory usage. Loaded Objects now: 2053.
Total: 2.306400 ms (FindLiveObjects: 0.177700 ms CreateObjectMapping: 0.050300 ms MarkObjects: 2.018000 ms  DeleteObjects: 0.058900 ms)

========================================================================
Received Prepare
Registering precompiled user dll's ...
Registered in 0.005687 seconds.
Begin MonoManager ReloadAssembly
Native extension for WindowsStandalone target not found
Refreshing native plugins compatible for Editor in 0.53 ms, found 5 plugins.
Preloading 0 native plugins for Editor in 0.00 ms.
Mono: successfully reloaded assembly
- Completed reload, in  1.156 seconds
Platform modules already initialized, skipping
Refreshing native plugins compatible for Editor in 0.62 ms, found 5 plugins.
Preloading 0 native plugins for Editor in 0.00 ms.
Unloading 1572 Unused Serialized files (Serialized files now loaded: 0)
System memory in use before: 76.0 MB.
System memory in use after: 76.1 MB.

Unloading 22 unused Assets to reduce memory usage. Loaded Objects now: 2057.
Total: 2.441400 ms (FindLiveObjects: 0.176600 ms CreateObjectMapping: 0.051700 ms MarkObjects: 2.135300 ms  DeleteObjects: 0.075900 ms)

========================================================================
Received Prepare
Registering precompiled user dll's ...
Registered in 0.005523 seconds.
Begin MonoManager ReloadAssembly
Native extension for WindowsStandalone target not found
Refreshing native plugins compatible for Editor in 0.71 ms, found 5 plugins.
Preloading 0 native plugins for Editor in 0.00 ms.
Mono: successfully reloaded assembly
- Completed reload, in  1.059 seconds
Platform modules already initialized, skipping
Refreshing native plugins compatible for Editor in 0.59 ms, found 5 plugins.
Preloading 0 native plugins for Editor in 0.00 ms.
Unloading 1572 Unused Serialized files (Serialized files now loaded: 0)
System memory in use before: 76.0 MB.
System memory in use after: 76.1 MB.

Unloading 22 unused Assets to reduce memory usage. Loaded Objects now: 2061.
Total: 2.150500 ms (FindLiveObjects: 0.222800 ms CreateObjectMapping: 0.052000 ms MarkObjects: 1.811900 ms  DeleteObjects: 0.061800 ms)

========================================================================
Received Import Request.
  Time since last request: 1689.635434 seconds.
  path: Assets/webcam right.cs
  artifactKey: Guid(79d04d67d790d7948abf257865d805df) Importer(815301076,1909f56bfc062723c751e8b465ee728b)
Start importing Assets/webcam right.cs using Guid(79d04d67d790d7948abf257865d805df) Importer(815301076,1909f56bfc062723c751e8b465ee728b)  -> (artifact id: '241cbd667fec77e646877b6c8f434759') in 0.013604 seconds
  Import took 0.017166 seconds .

========================================================================
Received Import Request.
  Time since last request: 25.275173 seconds.
  path: Assets/webcam right.cs
  artifactKey: Guid(79d04d67d790d7948abf257865d805df) Importer(815301076,1909f56bfc062723c751e8b465ee728b)
Start importing Assets/webcam right.cs using Guid(79d04d67d790d7948abf257865d805df) Importer(815301076,1909f56bfc062723c751e8b465ee728b)  -> (artifact id: '733a7743be4a2ac651793f353815104f') in 0.003234 seconds
  Import took 0.007052 seconds .

========================================================================
Received Prepare
Registering precompiled user dll's ...
Registered in 0.006269 seconds.
Begin MonoManager ReloadAssembly
Native extension for WindowsStandalone target not found
Refreshing native plugins compatible for Editor in 0.77 ms, found 5 plugins.
Preloading 0 native plugins for Editor in 0.00 ms.
Mono: successfully reloaded assembly
- Completed reload, in  1.075 seconds
Platform modules already initialized, skipping
Refreshing native plugins compatible for Editor in 0.68 ms, found 5 plugins.
Preloading 0 native plugins for Editor in 0.00 ms.
Unloading 1573 Unused Serialized files (Serialized files now loaded: 0)
System memory in use before: 76.0 MB.
System memory in use after: 76.1 MB.

Unloading 22 unused Assets to reduce memory usage. Loaded Objects now: 2066.
Total: 2.664300 ms (FindLiveObjects: 0.218700 ms CreateObjectMapping: 0.074200 ms MarkObjects: 2.298000 ms  DeleteObjects: 0.071400 ms)

========================================================================
Received Import Request.
  Time since last request: 222.987908 seconds.
  path: Assets/webcam right.cs
  artifactKey: Guid(79d04d67d790d7948abf257865d805df) Importer(815301076,1909f56bfc062723c751e8b465ee728b)
Start importing Assets/webcam right.cs using Guid(79d04d67d790d7948abf257865d805df) Importer(815301076,1909f56bfc062723c751e8b465ee728b)  -> (artifact id: '678b1e28dee36f9f6684c9fba90da4e0') in 0.005955 seconds
  Import took 0.026788 seconds .

========================================================================
Received Import Request.
  Time since last request: 1.909134 seconds.
  path: Assets/webcam right.cs
  artifactKey: Guid(79d04d67d790d7948abf257865d805df) Importer(815301076,1909f56bfc062723c751e8b465ee728b)
Start importing Assets/webcam right.cs using Guid(79d04d67d790d7948abf257865d805df) Importer(815301076,1909f56bfc062723c751e8b465ee728b)  -> (artifact id: '678b1e28dee36f9f6684c9fba90da4e0') in 0.003441 seconds
  Import took 0.008461 seconds .

========================================================================
Received Prepare
Registering precompiled user dll's ...
Registered in 0.005804 seconds.
Begin MonoManager ReloadAssembly
Native extension for WindowsStandalone target not found
Refreshing native plugins compatible for Editor in 0.78 ms, found 5 plugins.
Preloading 0 native plugins for Editor in 0.00 ms.
Mono: successfully reloaded assembly
- Completed reload, in  1.227 seconds
Platform modules already initialized, skipping
Refreshing native plugins compatible for Editor in 0.53 ms, found 5 plugins.
Preloading 0 native plugins for Editor in 0.00 ms.
Unloading 1572 Unused Serialized files (Serialized files now loaded: 0)
System memory in use before: 76.0 MB.
System memory in use after: 76.1 MB.

Unloading 23 unused Assets to reduce memory usage. Loaded Objects now: 2069.
Total: 2.448200 ms (FindLiveObjects: 0.343500 ms CreateObjectMapping: 0.053800 ms MarkObjects: 1.985500 ms  DeleteObjects: 0.063800 ms)

========================================================================
Received Import Request.
  Time since last request: 54.658905 seconds.
  path: Assets/Webcam.cs
  artifactKey: Guid(79d04d67d790d7948abf257865d805df) Importer(815301076,1909f56bfc062723c751e8b465ee728b)
Start importing Assets/Webcam.cs using Guid(79d04d67d790d7948abf257865d805df) Importer(815301076,1909f56bfc062723c751e8b465ee728b)  -> (artifact id: '8cf47b97171dbd2e0f9103ebbb199dbc') in 0.013455 seconds
  Import took 0.035349 seconds .

========================================================================
Received Prepare
Registering precompiled user dll's ...
Registered in 0.007041 seconds.
Begin MonoManager ReloadAssembly
Native extension for WindowsStandalone target not found
Refreshing native plugins compatible for Editor in 0.53 ms, found 5 plugins.
Preloading 0 native plugins for Editor in 0.00 ms.
Mono: successfully reloaded assembly
- Completed reload, in  0.981 seconds
Platform modules already initialized, skipping
Refreshing native plugins compatible for Editor in 0.49 ms, found 5 plugins.
Preloading 0 native plugins for Editor in 0.00 ms.
Unloading 1572 Unused Serialized files (Serialized files now loaded: 0)
System memory in use before: 76.0 MB.
System memory in use after: 76.1 MB.

Unloading 22 unused Assets to reduce memory usage. Loaded Objects now: 2073.
Total: 2.286700 ms (FindLiveObjects: 0.156100 ms CreateObjectMapping: 0.050200 ms MarkObjects: 2.023300 ms  DeleteObjects: 0.056000 ms)

========================================================================
Received Prepare
Registering precompiled user dll's ...
Registered in 0.004566 seconds.
Begin MonoManager ReloadAssembly
Native extension for WindowsStandalone target not found
Refreshing native plugins compatible for Editor in 0.78 ms, found 5 plugins.
Preloading 0 native plugins for Editor in 0.00 ms.
Mono: successfully reloaded assembly
- Completed reload, in  1.095 seconds
Platform modules already initialized, skipping
Refreshing native plugins compatible for Editor in 0.97 ms, found 5 plugins.
Preloading 0 native plugins for Editor in 0.00 ms.
Unloading 1572 Unused Serialized files (Serialized files now loaded: 0)
System memory in use before: 76.0 MB.
System memory in use after: 76.1 MB.

Unloading 22 unused Assets to reduce memory usage. Loaded Objects now: 2077.
Total: 5.862100 ms (FindLiveObjects: 0.253000 ms CreateObjectMapping: 0.068700 ms MarkObjects: 5.459700 ms  DeleteObjects: 0.078300 ms)

========================================================================
Received Import Request.
  Time since last request: 144.413655 seconds.
  path: ProjectSettings/TagManager.asset
  artifactKey: Guid(00000000000000003000000000000000) Importer(815301076,1909f56bfc062723c751e8b465ee728b)
Start importing ProjectSettings/TagManager.asset using Guid(00000000000000003000000000000000) Importer(815301076,1909f56bfc062723c751e8b465ee728b)  -> (artifact id: 'f0680538e3bf6205c8fcff5f1ca17e6d') in 0.023165 seconds
  Import took 0.026514 seconds .

========================================================================
Received Import Request.
  Time since last request: 0.007764 seconds.
  path: ProjectSettings/TagManager.asset
  artifactKey: Guid(00000000000000003000000000000000) Importer(815301076,1909f56bfc062723c751e8b465ee728b)
Start importing ProjectSettings/TagManager.asset using Guid(00000000000000003000000000000000) Importer(815301076,1909f56bfc062723c751e8b465ee728b)  -> (artifact id: 'f0680538e3bf6205c8fcff5f1ca17e6d') in 0.003201 seconds
  Import took 0.006367 seconds .

========================================================================
Received Prepare
Registering precompiled user dll's ...
Registered in 0.005711 seconds.
Begin MonoManager ReloadAssembly
Native extension for WindowsStandalone target not found
Refreshing native plugins compatible for Editor in 0.68 ms, found 5 plugins.
Preloading 0 native plugins for Editor in 0.00 ms.
Mono: successfully reloaded assembly
- Completed reload, in  1.116 seconds
Platform modules already initialized, skipping
Refreshing native plugins compatible for Editor in 0.50 ms, found 5 plugins.
Preloading 0 native plugins for Editor in 0.00 ms.
Unloading 1572 Unused Serialized files (Serialized files now loaded: 0)
System memory in use before: 76.1 MB.
System memory in use after: 76.1 MB.

Unloading 24 unused Assets to reduce memory usage. Loaded Objects now: 2081.
Total: 2.372900 ms (FindLiveObjects: 0.176600 ms CreateObjectMapping: 0.051300 ms MarkObjects: 2.083400 ms  DeleteObjects: 0.060100 ms)

AssetImportWorkerClient::OnTransportError - code=2 error=End of file
